2019-11-25 15:20:26.515 - Info	
Packing C:\Durgaprasad\Projects\PowerAppCustomControl\Tags\deployment\obj\Debug\ to bin\Debug\deployment.zip

2019-11-25 15:20:26.530 - Info	Processing Component: Entities
2019-11-25 15:20:26.534 - Info	Processing Component: Roles
2019-11-25 15:20:26.538 - Info	Processing Component: Workflows
2019-11-25 15:20:26.538 - Info	Processing Component: FieldSecurityProfiles
2019-11-25 15:20:26.539 - Info	Processing Component: Templates
2019-11-25 15:20:26.541 - Info	Processing Component: EntityMaps
2019-11-25 15:20:26.542 - Info	Processing Component: EntityRelationships
2019-11-25 15:20:26.549 - Info	Processing Component: OrganizationSettings
2019-11-25 15:20:26.550 - Info	Processing Component: optionsets
2019-11-25 15:20:26.550 - Info	Processing Component: CustomControls
2019-11-25 15:20:26.563 - Info	 - DKControls.Tags
2019-11-25 15:20:26.568 - Info	Processing Component: SolutionPluginAssemblies
2019-11-25 15:20:26.570 - Info	Processing Component: EntityDataProviders
2019-11-25 15:20:26.604 - Info	
Unmanaged Pack complete.

2019-11-25 16:07:45.126 - Info	
Packing C:\Durgaprasad\Projects\PowerAppCustomControl\Tags\deployment\obj\Debug\ to bin\Debug\deployment.zip

2019-11-25 16:07:45.142 - Info	Processing Component: Entities
2019-11-25 16:07:45.147 - Info	Processing Component: Roles
2019-11-25 16:07:45.151 - Info	Processing Component: Workflows
2019-11-25 16:07:45.152 - Info	Processing Component: FieldSecurityProfiles
2019-11-25 16:07:45.153 - Info	Processing Component: Templates
2019-11-25 16:07:45.156 - Info	Processing Component: EntityMaps
2019-11-25 16:07:45.157 - Info	Processing Component: EntityRelationships
2019-11-25 16:07:45.165 - Info	Processing Component: OrganizationSettings
2019-11-25 16:07:45.166 - Info	Processing Component: optionsets
2019-11-25 16:07:45.167 - Info	Processing Component: CustomControls
2019-11-25 16:07:45.179 - Info	 - DKControls.Tags
2019-11-25 16:07:45.184 - Info	Processing Component: SolutionPluginAssemblies
2019-11-25 16:07:45.185 - Info	Processing Component: EntityDataProviders
2019-11-25 16:07:45.214 - Info	
Unmanaged Pack complete.

2019-11-25 16:15:01.214 - Info	
Packing C:\Durgaprasad\Projects\PowerAppCustomControl\Tags\deployment\obj\Debug\ to bin\Debug\deployment.zip

2019-11-25 16:15:01.227 - Info	Processing Component: Entities
2019-11-25 16:15:01.230 - Info	Processing Component: Roles
2019-11-25 16:15:01.234 - Info	Processing Component: Workflows
2019-11-25 16:15:01.235 - Info	Processing Component: FieldSecurityProfiles
2019-11-25 16:15:01.235 - Info	Processing Component: Templates
2019-11-25 16:15:01.237 - Info	Processing Component: EntityMaps
2019-11-25 16:15:01.237 - Info	Processing Component: EntityRelationships
2019-11-25 16:15:01.244 - Info	Processing Component: OrganizationSettings
2019-11-25 16:15:01.244 - Info	Processing Component: optionsets
2019-11-25 16:15:01.245 - Info	Processing Component: CustomControls
2019-11-25 16:15:01.260 - Info	 - DKControls.Tags
2019-11-25 16:15:01.267 - Info	Processing Component: SolutionPluginAssemblies
2019-11-25 16:15:01.269 - Info	Processing Component: EntityDataProviders
2019-11-25 16:15:01.295 - Info	
Unmanaged Pack complete.

2019-11-25 16:30:31.438 - Info	
Packing C:\Durgaprasad\Projects\PowerAppCustomControl\Tags\deployment\obj\Debug\ to bin\Debug\deployment.zip

2019-11-25 16:30:31.453 - Info	Processing Component: Entities
2019-11-25 16:30:31.455 - Info	Processing Component: Roles
2019-11-25 16:30:31.459 - Info	Processing Component: Workflows
2019-11-25 16:30:31.459 - Info	Processing Component: FieldSecurityProfiles
2019-11-25 16:30:31.460 - Info	Processing Component: Templates
2019-11-25 16:30:31.461 - Info	Processing Component: EntityMaps
2019-11-25 16:30:31.461 - Info	Processing Component: EntityRelationships
2019-11-25 16:30:31.470 - Info	Processing Component: OrganizationSettings
2019-11-25 16:30:31.471 - Info	Processing Component: optionsets
2019-11-25 16:30:31.472 - Info	Processing Component: CustomControls
2019-11-25 16:30:31.485 - Info	 - DKControls.Tags
2019-11-25 16:30:31.490 - Info	Processing Component: SolutionPluginAssemblies
2019-11-25 16:30:31.492 - Info	Processing Component: EntityDataProviders
2019-11-25 16:30:31.520 - Info	
Unmanaged Pack complete.

2019-11-25 16:31:11.238 - Info	
Packing C:\Durgaprasad\Projects\PowerAppCustomControl\Tags\deployment\obj\Debug\ to bin\Debug\deployment.zip

2019-11-25 16:31:11.251 - Info	Processing Component: Entities
2019-11-25 16:31:11.254 - Info	Processing Component: Roles
2019-11-25 16:31:11.258 - Info	Processing Component: Workflows
2019-11-25 16:31:11.259 - Info	Processing Component: FieldSecurityProfiles
2019-11-25 16:31:11.259 - Info	Processing Component: Templates
2019-11-25 16:31:11.261 - Info	Processing Component: EntityMaps
2019-11-25 16:31:11.261 - Info	Processing Component: EntityRelationships
2019-11-25 16:31:11.266 - Info	Processing Component: OrganizationSettings
2019-11-25 16:31:11.267 - Info	Processing Component: optionsets
2019-11-25 16:31:11.268 - Info	Processing Component: CustomControls
2019-11-25 16:31:11.278 - Info	 - DKControls.Tags
2019-11-25 16:31:11.293 - Info	Processing Component: SolutionPluginAssemblies
2019-11-25 16:31:11.295 - Info	Processing Component: EntityDataProviders
2019-11-25 16:31:11.317 - Info	
Unmanaged Pack complete.

2019-11-25 16:53:27.053 - Info	
Packing C:\Durgaprasad\Projects\PowerAppCustomControl\Tags\deployment\obj\Debug\ to bin\Debug\deployment.zip

2019-11-25 16:53:27.090 - Info	Processing Component: Entities
2019-11-25 16:53:27.096 - Info	Processing Component: Roles
2019-11-25 16:53:27.101 - Info	Processing Component: Workflows
2019-11-25 16:53:27.102 - Info	Processing Component: FieldSecurityProfiles
2019-11-25 16:53:27.102 - Info	Processing Component: Templates
2019-11-25 16:53:27.104 - Info	Processing Component: EntityMaps
2019-11-25 16:53:27.104 - Info	Processing Component: EntityRelationships
2019-11-25 16:53:27.111 - Info	Processing Component: OrganizationSettings
2019-11-25 16:53:27.112 - Info	Processing Component: optionsets
2019-11-25 16:53:27.113 - Info	Processing Component: CustomControls
2019-11-25 16:53:27.129 - Info	 - DKControls.Tags
2019-11-25 16:53:27.138 - Info	Processing Component: SolutionPluginAssemblies
2019-11-25 16:53:27.142 - Info	Processing Component: EntityDataProviders
2019-11-25 16:53:27.175 - Info	
Unmanaged Pack complete.

2019-11-25 16:56:40.293 - Info	
Packing C:\Durgaprasad\Projects\PowerAppCustomControl\Tags\deployment\obj\Debug\ to bin\Debug\deployment.zip

2019-11-25 16:56:40.308 - Info	Processing Component: Entities
2019-11-25 16:56:40.312 - Info	Processing Component: Roles
2019-11-25 16:56:40.316 - Info	Processing Component: Workflows
2019-11-25 16:56:40.316 - Info	Processing Component: FieldSecurityProfiles
2019-11-25 16:56:40.316 - Info	Processing Component: Templates
2019-11-25 16:56:40.318 - Info	Processing Component: EntityMaps
2019-11-25 16:56:40.318 - Info	Processing Component: EntityRelationships
2019-11-25 16:56:40.324 - Info	Processing Component: OrganizationSettings
2019-11-25 16:56:40.325 - Info	Processing Component: optionsets
2019-11-25 16:56:40.325 - Info	Processing Component: CustomControls
2019-11-25 16:56:40.338 - Info	 - DKControls.Tags
2019-11-25 16:56:40.344 - Info	Processing Component: SolutionPluginAssemblies
2019-11-25 16:56:40.346 - Info	Processing Component: EntityDataProviders
2019-11-25 16:56:40.373 - Info	
Unmanaged Pack complete.

2019-11-25 17:01:40.598 - Info	
Packing C:\Durgaprasad\Projects\PowerAppCustomControl\Tags\deployment\obj\Debug\ to bin\Debug\deployment.zip

2019-11-25 17:01:40.616 - Info	Processing Component: Entities
2019-11-25 17:01:40.621 - Info	Processing Component: Roles
2019-11-25 17:01:40.629 - Info	Processing Component: Workflows
2019-11-25 17:01:40.630 - Info	Processing Component: FieldSecurityProfiles
2019-11-25 17:01:40.632 - Info	Processing Component: Templates
2019-11-25 17:01:40.633 - Info	Processing Component: EntityMaps
2019-11-25 17:01:40.635 - Info	Processing Component: EntityRelationships
2019-11-25 17:01:40.642 - Info	Processing Component: OrganizationSettings
2019-11-25 17:01:40.643 - Info	Processing Component: optionsets
2019-11-25 17:01:40.645 - Info	Processing Component: CustomControls
2019-11-25 17:01:40.659 - Info	 - DKControls.Tags
2019-11-25 17:01:40.666 - Info	Processing Component: SolutionPluginAssemblies
2019-11-25 17:01:40.668 - Info	Processing Component: EntityDataProviders
2019-11-25 17:01:40.773 - Info	
Unmanaged Pack complete.

2019-11-25 17:14:06.783 - Info	
Packing C:\Durgaprasad\Projects\PowerAppCustomControl\Tags\deployment\obj\Debug\ to bin\Debug\deployment.zip

2019-11-25 17:14:06.815 - Info	Processing Component: Entities
2019-11-25 17:14:06.820 - Info	Processing Component: Roles
2019-11-25 17:14:06.825 - Info	Processing Component: Workflows
2019-11-25 17:14:06.827 - Info	Processing Component: FieldSecurityProfiles
2019-11-25 17:14:06.827 - Info	Processing Component: Templates
2019-11-25 17:14:06.829 - Info	Processing Component: EntityMaps
2019-11-25 17:14:06.829 - Info	Processing Component: EntityRelationships
2019-11-25 17:14:06.838 - Info	Processing Component: OrganizationSettings
2019-11-25 17:14:06.838 - Info	Processing Component: optionsets
2019-11-25 17:14:06.840 - Info	Processing Component: CustomControls
2019-11-25 17:14:06.856 - Info	 - DKControls.Tags
2019-11-25 17:14:06.865 - Info	Processing Component: SolutionPluginAssemblies
2019-11-25 17:14:06.867 - Info	Processing Component: EntityDataProviders
2019-11-25 17:14:06.889 - Info	
Unmanaged Pack complete.

2019-11-25 17:30:38.053 - Info	
Packing C:\Durgaprasad\Projects\PowerAppCustomControl\Tags\deployment\obj\Debug\ to bin\Debug\deployment.zip

2019-11-25 17:30:38.069 - Info	Processing Component: Entities
2019-11-25 17:30:38.072 - Info	Processing Component: Roles
2019-11-25 17:30:38.075 - Info	Processing Component: Workflows
2019-11-25 17:30:38.075 - Info	Processing Component: FieldSecurityProfiles
2019-11-25 17:30:38.075 - Info	Processing Component: Templates
2019-11-25 17:30:38.077 - Info	Processing Component: EntityMaps
2019-11-25 17:30:38.078 - Info	Processing Component: EntityRelationships
2019-11-25 17:30:38.084 - Info	Processing Component: OrganizationSettings
2019-11-25 17:30:38.085 - Info	Processing Component: optionsets
2019-11-25 17:30:38.086 - Info	Processing Component: CustomControls
2019-11-25 17:30:38.095 - Info	 - DKControls.Tags
2019-11-25 17:30:38.101 - Info	Processing Component: SolutionPluginAssemblies
2019-11-25 17:30:38.103 - Info	Processing Component: EntityDataProviders
2019-11-25 17:30:38.125 - Info	
Unmanaged Pack complete.

2019-11-25 19:20:27.077 - Info	
Packing C:\Durgaprasad\Projects\PowerAppCustomControl\Tags\deployment\obj\Debug\ to bin\Debug\deployment.zip

2019-11-25 19:20:27.097 - Info	Processing Component: Entities
2019-11-25 19:20:27.103 - Info	Processing Component: Roles
2019-11-25 19:20:27.108 - Info	Processing Component: Workflows
2019-11-25 19:20:27.108 - Info	Processing Component: FieldSecurityProfiles
2019-11-25 19:20:27.109 - Info	Processing Component: Templates
2019-11-25 19:20:27.111 - Info	Processing Component: EntityMaps
2019-11-25 19:20:27.112 - Info	Processing Component: EntityRelationships
2019-11-25 19:20:27.123 - Info	Processing Component: OrganizationSettings
2019-11-25 19:20:27.125 - Info	Processing Component: optionsets
2019-11-25 19:20:27.126 - Info	Processing Component: CustomControls
2019-11-25 19:20:27.151 - Info	 - DKControls.Tags
2019-11-25 19:20:27.159 - Info	Processing Component: SolutionPluginAssemblies
2019-11-25 19:20:27.161 - Info	Processing Component: EntityDataProviders
2019-11-25 19:20:27.208 - Info	
Unmanaged Pack complete.

2019-11-25 19:44:40.881 - Info	
Packing C:\Durgaprasad\Projects\PowerAppCustomControl\Tags\deployment\obj\Debug\ to bin\Debug\deployment.zip

2019-11-25 19:44:40.914 - Info	Processing Component: Entities
2019-11-25 19:44:40.929 - Info	Processing Component: Roles
2019-11-25 19:44:40.937 - Info	Processing Component: Workflows
2019-11-25 19:44:40.938 - Info	Processing Component: FieldSecurityProfiles
2019-11-25 19:44:40.938 - Info	Processing Component: Templates
2019-11-25 19:44:40.940 - Info	Processing Component: EntityMaps
2019-11-25 19:44:40.941 - Info	Processing Component: EntityRelationships
2019-11-25 19:44:40.954 - Info	Processing Component: OrganizationSettings
2019-11-25 19:44:40.957 - Info	Processing Component: optionsets
2019-11-25 19:44:40.958 - Info	Processing Component: CustomControls
2019-11-25 19:44:41.004 - Info	 - DKControls.Tags
2019-11-25 19:44:41.018 - Info	Processing Component: SolutionPluginAssemblies
2019-11-25 19:44:41.020 - Info	Processing Component: EntityDataProviders
2019-11-25 19:44:41.071 - Info	
Unmanaged Pack complete.

2019-11-25 19:55:39.976 - Info	
Packing C:\Durgaprasad\Projects\PowerAppCustomControl\Tags\deployment\obj\Debug\ to bin\Debug\deployment.zip

2019-11-25 19:55:39.999 - Info	Processing Component: Entities
2019-11-25 19:55:40.004 - Info	Processing Component: Roles
2019-11-25 19:55:40.012 - Info	Processing Component: Workflows
2019-11-25 19:55:40.013 - Info	Processing Component: FieldSecurityProfiles
2019-11-25 19:55:40.014 - Info	Processing Component: Templates
2019-11-25 19:55:40.016 - Info	Processing Component: EntityMaps
2019-11-25 19:55:40.016 - Info	Processing Component: EntityRelationships
2019-11-25 19:55:40.027 - Info	Processing Component: OrganizationSettings
2019-11-25 19:55:40.028 - Info	Processing Component: optionsets
2019-11-25 19:55:40.029 - Info	Processing Component: CustomControls
2019-11-25 19:55:40.050 - Info	 - DKControls.Tags
2019-11-25 19:55:40.062 - Info	Processing Component: SolutionPluginAssemblies
2019-11-25 19:55:40.064 - Info	Processing Component: EntityDataProviders
2019-11-25 19:55:40.102 - Info	
Unmanaged Pack complete.

2019-11-26 11:20:58.482 - Info	
Packing C:\Durgaprasad\Projects\PowerAppCustomControl\Tags\deployment\obj\Debug\ to bin\Debug\deployment.zip

2019-11-26 11:20:58.498 - Info	Processing Component: Entities
2019-11-26 11:20:58.503 - Info	Processing Component: Roles
2019-11-26 11:20:58.511 - Info	Processing Component: Workflows
2019-11-26 11:20:58.512 - Info	Processing Component: FieldSecurityProfiles
2019-11-26 11:20:58.513 - Info	Processing Component: Templates
2019-11-26 11:20:58.514 - Info	Processing Component: EntityMaps
2019-11-26 11:20:58.515 - Info	Processing Component: EntityRelationships
2019-11-26 11:20:58.523 - Info	Processing Component: OrganizationSettings
2019-11-26 11:20:58.524 - Info	Processing Component: optionsets
2019-11-26 11:20:58.526 - Info	Processing Component: CustomControls
2019-11-26 11:20:58.538 - Info	 - DKControls.Tags
2019-11-26 11:20:58.548 - Info	Processing Component: SolutionPluginAssemblies
2019-11-26 11:20:58.549 - Info	Processing Component: EntityDataProviders
2019-11-26 11:20:58.590 - Info	
Unmanaged Pack complete.

2019-11-26 11:48:28.032 - Info	
Packing C:\Durgaprasad\Projects\PowerAppCustomControl\Tags\deployment\obj\Debug\ to bin\Debug\deployment.zip

2019-11-26 11:48:28.048 - Info	Processing Component: Entities
2019-11-26 11:48:28.051 - Info	Processing Component: Roles
2019-11-26 11:48:28.059 - Info	Processing Component: Workflows
2019-11-26 11:48:28.060 - Info	Processing Component: FieldSecurityProfiles
2019-11-26 11:48:28.061 - Info	Processing Component: Templates
2019-11-26 11:48:28.063 - Info	Processing Component: EntityMaps
2019-11-26 11:48:28.064 - Info	Processing Component: EntityRelationships
2019-11-26 11:48:28.074 - Info	Processing Component: OrganizationSettings
2019-11-26 11:48:28.075 - Info	Processing Component: optionsets
2019-11-26 11:48:28.076 - Info	Processing Component: CustomControls
2019-11-26 11:48:28.090 - Info	 - DKControls.Tags
2019-11-26 11:48:28.098 - Info	Processing Component: SolutionPluginAssemblies
2019-11-26 11:48:28.108 - Info	Processing Component: EntityDataProviders
2019-11-26 11:48:28.168 - Info	
Unmanaged Pack complete.

2019-11-26 11:54:54.466 - Info	
Packing C:\Durgaprasad\Projects\PowerAppCustomControl\Tags\deployment\obj\Debug\ to bin\Debug\deployment.zip

2019-11-26 11:54:54.480 - Info	Processing Component: Entities
2019-11-26 11:54:54.485 - Info	Processing Component: Roles
2019-11-26 11:54:54.490 - Info	Processing Component: Workflows
2019-11-26 11:54:54.490 - Info	Processing Component: FieldSecurityProfiles
2019-11-26 11:54:54.491 - Info	Processing Component: Templates
2019-11-26 11:54:54.492 - Info	Processing Component: EntityMaps
2019-11-26 11:54:54.492 - Info	Processing Component: EntityRelationships
2019-11-26 11:54:54.500 - Info	Processing Component: OrganizationSettings
2019-11-26 11:54:54.502 - Info	Processing Component: optionsets
2019-11-26 11:54:54.502 - Info	Processing Component: CustomControls
2019-11-26 11:54:54.514 - Info	 - DKControls.Tags
2019-11-26 11:54:54.522 - Info	Processing Component: SolutionPluginAssemblies
2019-11-26 11:54:54.524 - Info	Processing Component: EntityDataProviders
2019-11-26 11:54:54.550 - Info	
Unmanaged Pack complete.

2019-11-26 12:15:39.354 - Info	
Packing C:\Durgaprasad\Projects\PowerAppCustomControl\Tags\deployment\obj\Debug\ to bin\Debug\deployment.zip

2019-11-26 12:15:39.369 - Info	Processing Component: Entities
2019-11-26 12:15:39.373 - Info	Processing Component: Roles
2019-11-26 12:15:39.378 - Info	Processing Component: Workflows
2019-11-26 12:15:39.379 - Info	Processing Component: FieldSecurityProfiles
2019-11-26 12:15:39.380 - Info	Processing Component: Templates
2019-11-26 12:15:39.381 - Info	Processing Component: EntityMaps
2019-11-26 12:15:39.382 - Info	Processing Component: EntityRelationships
2019-11-26 12:15:39.390 - Info	Processing Component: OrganizationSettings
2019-11-26 12:15:39.390 - Info	Processing Component: optionsets
2019-11-26 12:15:39.391 - Info	Processing Component: CustomControls
2019-11-26 12:15:39.409 - Info	 - DKControls.Tags
2019-11-26 12:15:39.421 - Info	Processing Component: SolutionPluginAssemblies
2019-11-26 12:15:39.423 - Info	Processing Component: EntityDataProviders
2019-11-26 12:15:39.469 - Info	
Unmanaged Pack complete.

2019-11-26 15:15:38.499 - Info	
Packing C:\Durgaprasad\Projects\PowerAppCustomControl\Tags\deployment\obj\Debug\ to bin\Debug\deployment.zip

2019-11-26 15:15:38.516 - Info	Processing Component: Entities
2019-11-26 15:15:38.522 - Info	Processing Component: Roles
2019-11-26 15:15:38.526 - Info	Processing Component: Workflows
2019-11-26 15:15:38.527 - Info	Processing Component: FieldSecurityProfiles
2019-11-26 15:15:38.527 - Info	Processing Component: Templates
2019-11-26 15:15:38.529 - Info	Processing Component: EntityMaps
2019-11-26 15:15:38.530 - Info	Processing Component: EntityRelationships
2019-11-26 15:15:38.538 - Info	Processing Component: OrganizationSettings
2019-11-26 15:15:38.539 - Info	Processing Component: optionsets
2019-11-26 15:15:38.539 - Info	Processing Component: CustomControls
2019-11-26 15:15:38.553 - Info	 - DKControls.Tags
2019-11-26 15:15:38.560 - Info	Processing Component: SolutionPluginAssemblies
2019-11-26 15:15:38.561 - Info	Processing Component: EntityDataProviders
2019-11-26 15:15:38.593 - Info	
Unmanaged Pack complete.

2019-11-26 15:29:04.493 - Info	
Packing C:\Durgaprasad\Projects\PowerAppCustomControl\Tags\deployment\obj\Debug\ to bin\Debug\deployment.zip

2019-11-26 15:29:04.506 - Info	Processing Component: Entities
2019-11-26 15:29:04.509 - Info	Processing Component: Roles
2019-11-26 15:29:04.514 - Info	Processing Component: Workflows
2019-11-26 15:29:04.514 - Info	Processing Component: FieldSecurityProfiles
2019-11-26 15:29:04.515 - Info	Processing Component: Templates
2019-11-26 15:29:04.516 - Info	Processing Component: EntityMaps
2019-11-26 15:29:04.516 - Info	Processing Component: EntityRelationships
2019-11-26 15:29:04.523 - Info	Processing Component: OrganizationSettings
2019-11-26 15:29:04.524 - Info	Processing Component: optionsets
2019-11-26 15:29:04.524 - Info	Processing Component: CustomControls
2019-11-26 15:29:04.536 - Info	 - DKControls.Tags
2019-11-26 15:29:04.542 - Info	Processing Component: SolutionPluginAssemblies
2019-11-26 15:29:04.544 - Info	Processing Component: EntityDataProviders
2019-11-26 15:29:04.569 - Info	
Unmanaged Pack complete.

2019-11-26 16:00:56.415 - Info	
Packing C:\Durgaprasad\Projects\PowerAppCustomControl\Tags\deployment\obj\Debug\ to bin\Debug\deployment.zip

2019-11-26 16:00:56.436 - Info	Processing Component: Entities
2019-11-26 16:00:56.442 - Info	Processing Component: Roles
2019-11-26 16:00:56.446 - Info	Processing Component: Workflows
2019-11-26 16:00:56.447 - Info	Processing Component: FieldSecurityProfiles
2019-11-26 16:00:56.447 - Info	Processing Component: Templates
2019-11-26 16:00:56.450 - Info	Processing Component: EntityMaps
2019-11-26 16:00:56.450 - Info	Processing Component: EntityRelationships
2019-11-26 16:00:56.461 - Info	Processing Component: OrganizationSettings
2019-11-26 16:00:56.463 - Info	Processing Component: optionsets
2019-11-26 16:00:56.463 - Info	Processing Component: CustomControls
2019-11-26 16:00:56.476 - Info	 - DKControls.Tags
2019-11-26 16:00:56.485 - Info	Processing Component: SolutionPluginAssemblies
2019-11-26 16:00:56.487 - Info	Processing Component: EntityDataProviders
2019-11-26 16:00:56.522 - Info	
Unmanaged Pack complete.

2019-11-26 16:03:57.773 - Info	
Packing C:\Durgaprasad\Projects\PowerAppCustomControl\Tags\deployment\obj\Debug\ to bin\Debug\deployment.zip

2019-11-26 16:03:57.789 - Info	Processing Component: Entities
2019-11-26 16:03:57.794 - Info	Processing Component: Roles
2019-11-26 16:03:57.798 - Info	Processing Component: Workflows
2019-11-26 16:03:57.799 - Info	Processing Component: FieldSecurityProfiles
2019-11-26 16:03:57.799 - Info	Processing Component: Templates
2019-11-26 16:03:57.802 - Info	Processing Component: EntityMaps
2019-11-26 16:03:57.803 - Info	Processing Component: EntityRelationships
2019-11-26 16:03:57.812 - Info	Processing Component: OrganizationSettings
2019-11-26 16:03:57.813 - Info	Processing Component: optionsets
2019-11-26 16:03:57.814 - Info	Processing Component: CustomControls
2019-11-26 16:03:57.829 - Info	 - DKControls.Tags
2019-11-26 16:03:57.838 - Info	Processing Component: SolutionPluginAssemblies
2019-11-26 16:03:57.841 - Info	Processing Component: EntityDataProviders
2019-11-26 16:03:57.872 - Info	
Unmanaged Pack complete.

2019-11-26 16:19:39.335 - Info	
Packing C:\Durgaprasad\Projects\PowerAppCustomControl\Tags\deployment\obj\Debug\ to bin\Debug\deployment.zip

2019-11-26 16:19:39.348 - Info	Processing Component: Entities
2019-11-26 16:19:39.351 - Info	Processing Component: Roles
2019-11-26 16:19:39.355 - Info	Processing Component: Workflows
2019-11-26 16:19:39.355 - Info	Processing Component: FieldSecurityProfiles
2019-11-26 16:19:39.356 - Info	Processing Component: Templates
2019-11-26 16:19:39.357 - Info	Processing Component: EntityMaps
2019-11-26 16:19:39.357 - Info	Processing Component: EntityRelationships
2019-11-26 16:19:39.363 - Info	Processing Component: OrganizationSettings
2019-11-26 16:19:39.364 - Info	Processing Component: optionsets
2019-11-26 16:19:39.365 - Info	Processing Component: CustomControls
2019-11-26 16:19:39.376 - Info	 - DKControls.Tags
2019-11-26 16:19:39.382 - Info	Processing Component: SolutionPluginAssemblies
2019-11-26 16:19:39.384 - Info	Processing Component: EntityDataProviders
2019-11-26 16:19:39.407 - Info	
Unmanaged Pack complete.

2019-11-26 16:27:41.939 - Info	
Packing C:\Durgaprasad\Projects\PowerAppCustomControl\Tags\deployment\obj\Debug\ to bin\Debug\deployment.zip

2019-11-26 16:27:41.957 - Info	Processing Component: Entities
2019-11-26 16:27:41.960 - Info	Processing Component: Roles
2019-11-26 16:27:41.965 - Info	Processing Component: Workflows
2019-11-26 16:27:41.965 - Info	Processing Component: FieldSecurityProfiles
2019-11-26 16:27:41.966 - Info	Processing Component: Templates
2019-11-26 16:27:41.967 - Info	Processing Component: EntityMaps
2019-11-26 16:27:41.967 - Info	Processing Component: EntityRelationships
2019-11-26 16:27:41.976 - Info	Processing Component: OrganizationSettings
2019-11-26 16:27:41.976 - Info	Processing Component: optionsets
2019-11-26 16:27:41.977 - Info	Processing Component: CustomControls
2019-11-26 16:27:41.991 - Info	 - DKControls.Tags
2019-11-26 16:27:41.998 - Info	Processing Component: SolutionPluginAssemblies
2019-11-26 16:27:42.000 - Info	Processing Component: EntityDataProviders
2019-11-26 16:27:42.025 - Info	
Unmanaged Pack complete.

2019-11-26 16:41:24.598 - Info	
Packing C:\Durgaprasad\Projects\PowerAppCustomControl\Tags\deployment\obj\Debug\ to bin\Debug\deployment.zip

2019-11-26 16:41:24.613 - Info	Processing Component: Entities
2019-11-26 16:41:24.618 - Info	Processing Component: Roles
2019-11-26 16:41:24.624 - Info	Processing Component: Workflows
2019-11-26 16:41:24.624 - Info	Processing Component: FieldSecurityProfiles
2019-11-26 16:41:24.624 - Info	Processing Component: Templates
2019-11-26 16:41:24.626 - Info	Processing Component: EntityMaps
2019-11-26 16:41:24.626 - Info	Processing Component: EntityRelationships
2019-11-26 16:41:24.637 - Info	Processing Component: OrganizationSettings
2019-11-26 16:41:24.638 - Info	Processing Component: optionsets
2019-11-26 16:41:24.638 - Info	Processing Component: CustomControls
2019-11-26 16:41:24.656 - Info	 - DKControls.Tags
2019-11-26 16:41:24.669 - Info	Processing Component: SolutionPluginAssemblies
2019-11-26 16:41:24.671 - Info	Processing Component: EntityDataProviders
2019-11-26 16:41:24.697 - Info	
Unmanaged Pack complete.

2019-11-26 16:54:26.937 - Info	
Packing C:\Durgaprasad\Projects\PowerAppCustomControl\Tags\deployment\obj\Debug\ to bin\Debug\deployment.zip

2019-11-26 16:54:26.951 - Info	Processing Component: Entities
2019-11-26 16:54:26.954 - Info	Processing Component: Roles
2019-11-26 16:54:26.958 - Info	Processing Component: Workflows
2019-11-26 16:54:26.959 - Info	Processing Component: FieldSecurityProfiles
2019-11-26 16:54:26.959 - Info	Processing Component: Templates
2019-11-26 16:54:26.960 - Info	Processing Component: EntityMaps
2019-11-26 16:54:26.960 - Info	Processing Component: EntityRelationships
2019-11-26 16:54:26.966 - Info	Processing Component: OrganizationSettings
2019-11-26 16:54:26.968 - Info	Processing Component: optionsets
2019-11-26 16:54:26.968 - Info	Processing Component: CustomControls
2019-11-26 16:54:26.980 - Info	 - DKControls.Tags
2019-11-26 16:54:26.986 - Info	Processing Component: SolutionPluginAssemblies
2019-11-26 16:54:26.988 - Info	Processing Component: EntityDataProviders
2019-11-26 16:54:27.012 - Info	
Unmanaged Pack complete.

2019-11-26 17:00:21.934 - Info	
Packing C:\Durgaprasad\Projects\PowerAppCustomControl\Tags\deployment\obj\Debug\ to bin\Debug\deployment.zip

2019-11-26 17:00:21.950 - Info	Processing Component: Entities
2019-11-26 17:00:21.954 - Info	Processing Component: Roles
2019-11-26 17:00:21.959 - Info	Processing Component: Workflows
2019-11-26 17:00:21.960 - Info	Processing Component: FieldSecurityProfiles
2019-11-26 17:00:21.960 - Info	Processing Component: Templates
2019-11-26 17:00:21.962 - Info	Processing Component: EntityMaps
2019-11-26 17:00:21.962 - Info	Processing Component: EntityRelationships
2019-11-26 17:00:21.970 - Info	Processing Component: OrganizationSettings
2019-11-26 17:00:21.971 - Info	Processing Component: optionsets
2019-11-26 17:00:21.972 - Info	Processing Component: CustomControls
2019-11-26 17:00:21.989 - Info	 - DKControls.Tags
2019-11-26 17:00:21.997 - Info	Processing Component: SolutionPluginAssemblies
2019-11-26 17:00:21.999 - Info	Processing Component: EntityDataProviders
2019-11-26 17:00:22.026 - Info	
Unmanaged Pack complete.

2019-11-26 17:05:01.980 - Info	
Packing C:\Durgaprasad\Projects\PowerAppCustomControl\Tags\deployment\obj\Debug\ to bin\Debug\deployment.zip

2019-11-26 17:05:01.995 - Info	Processing Component: Entities
2019-11-26 17:05:02.000 - Info	Processing Component: Roles
2019-11-26 17:05:02.007 - Info	Processing Component: Workflows
2019-11-26 17:05:02.007 - Info	Processing Component: FieldSecurityProfiles
2019-11-26 17:05:02.008 - Info	Processing Component: Templates
2019-11-26 17:05:02.011 - Info	Processing Component: EntityMaps
2019-11-26 17:05:02.011 - Info	Processing Component: EntityRelationships
2019-11-26 17:05:02.020 - Info	Processing Component: OrganizationSettings
2019-11-26 17:05:02.021 - Info	Processing Component: optionsets
2019-11-26 17:05:02.021 - Info	Processing Component: CustomControls
2019-11-26 17:05:02.033 - Info	 - DKControls.Tags
2019-11-26 17:05:02.039 - Info	Processing Component: SolutionPluginAssemblies
2019-11-26 17:05:02.041 - Info	Processing Component: EntityDataProviders
2019-11-26 17:05:02.065 - Info	
Unmanaged Pack complete.

2019-11-26 17:40:37.399 - Info	
Packing C:\Durgaprasad\Projects\PowerAppCustomControl\Tags\deployment\obj\Debug\ to bin\Debug\deployment.zip

2019-11-26 17:40:37.412 - Info	Processing Component: Entities
2019-11-26 17:40:37.415 - Info	Processing Component: Roles
2019-11-26 17:40:37.418 - Info	Processing Component: Workflows
2019-11-26 17:40:37.419 - Info	Processing Component: FieldSecurityProfiles
2019-11-26 17:40:37.419 - Info	Processing Component: Templates
2019-11-26 17:40:37.420 - Info	Processing Component: EntityMaps
2019-11-26 17:40:37.420 - Info	Processing Component: EntityRelationships
2019-11-26 17:40:37.427 - Info	Processing Component: OrganizationSettings
2019-11-26 17:40:37.428 - Info	Processing Component: optionsets
2019-11-26 17:40:37.428 - Info	Processing Component: CustomControls
2019-11-26 17:40:37.440 - Info	 - DKControls.Tags
2019-11-26 17:40:37.447 - Info	Processing Component: SolutionPluginAssemblies
2019-11-26 17:40:37.449 - Info	Processing Component: EntityDataProviders
2019-11-26 17:40:37.474 - Info	
Unmanaged Pack complete.

2019-11-26 17:55:49.613 - Info	
Packing C:\Durgaprasad\Projects\PowerAppCustomControl\Tags\deployment\obj\Debug\ to bin\Debug\deployment.zip

2019-11-26 17:55:49.628 - Info	Processing Component: Entities
2019-11-26 17:55:49.632 - Info	Processing Component: Roles
2019-11-26 17:55:49.637 - Info	Processing Component: Workflows
2019-11-26 17:55:49.637 - Info	Processing Component: FieldSecurityProfiles
2019-11-26 17:55:49.638 - Info	Processing Component: Templates
2019-11-26 17:55:49.640 - Info	Processing Component: EntityMaps
2019-11-26 17:55:49.641 - Info	Processing Component: EntityRelationships
2019-11-26 17:55:49.649 - Info	Processing Component: OrganizationSettings
2019-11-26 17:55:49.650 - Info	Processing Component: optionsets
2019-11-26 17:55:49.650 - Info	Processing Component: CustomControls
2019-11-26 17:55:49.665 - Info	 - DKControls.Tags
2019-11-26 17:55:49.673 - Info	Processing Component: SolutionPluginAssemblies
2019-11-26 17:55:49.676 - Info	Processing Component: EntityDataProviders
2019-11-26 17:55:49.705 - Info	
Unmanaged Pack complete.

2019-11-26 18:07:45.540 - Info	
Packing C:\Durgaprasad\Projects\PowerAppCustomControl\Tags\deployment\obj\Debug\ to bin\Debug\deployment.zip

2019-11-26 18:07:45.554 - Info	Processing Component: Entities
2019-11-26 18:07:45.557 - Info	Processing Component: Roles
2019-11-26 18:07:45.561 - Info	Processing Component: Workflows
2019-11-26 18:07:45.561 - Info	Processing Component: FieldSecurityProfiles
2019-11-26 18:07:45.562 - Info	Processing Component: Templates
2019-11-26 18:07:45.563 - Info	Processing Component: EntityMaps
2019-11-26 18:07:45.563 - Info	Processing Component: EntityRelationships
2019-11-26 18:07:45.570 - Info	Processing Component: OrganizationSettings
2019-11-26 18:07:45.571 - Info	Processing Component: optionsets
2019-11-26 18:07:45.571 - Info	Processing Component: CustomControls
2019-11-26 18:07:45.582 - Info	 - DKControls.Tags
2019-11-26 18:07:45.590 - Info	Processing Component: SolutionPluginAssemblies
2019-11-26 18:07:45.592 - Info	Processing Component: EntityDataProviders
2019-11-26 18:07:45.617 - Info	
Unmanaged Pack complete.

2019-11-26 18:27:48.568 - Info	
Packing C:\Durgaprasad\Projects\PowerAppCustomControl\Tags\deployment\obj\Debug\ to bin\Debug\deployment.zip

2019-11-26 18:27:48.582 - Info	Processing Component: Entities
2019-11-26 18:27:48.585 - Info	Processing Component: Roles
2019-11-26 18:27:48.588 - Info	Processing Component: Workflows
2019-11-26 18:27:48.589 - Info	Processing Component: FieldSecurityProfiles
2019-11-26 18:27:48.589 - Info	Processing Component: Templates
2019-11-26 18:27:48.590 - Info	Processing Component: EntityMaps
2019-11-26 18:27:48.591 - Info	Processing Component: EntityRelationships
2019-11-26 18:27:48.597 - Info	Processing Component: OrganizationSettings
2019-11-26 18:27:48.598 - Info	Processing Component: optionsets
2019-11-26 18:27:48.599 - Info	Processing Component: CustomControls
2019-11-26 18:27:48.609 - Info	 - DKControls.Tags
2019-11-26 18:27:48.616 - Info	Processing Component: SolutionPluginAssemblies
2019-11-26 18:27:48.618 - Info	Processing Component: EntityDataProviders
2019-11-26 18:27:48.643 - Info	
Unmanaged Pack complete.

2019-11-26 21:05:19.868 - Info	
Packing C:\Durgaprasad\Projects\PowerAppCustomControl\Tags\deployment\obj\Debug\ to bin\Debug\deployment.zip

2019-11-26 21:05:19.894 - Info	Processing Component: Entities
2019-11-26 21:05:19.900 - Info	Processing Component: Roles
2019-11-26 21:05:19.906 - Info	Processing Component: Workflows
2019-11-26 21:05:19.907 - Info	Processing Component: FieldSecurityProfiles
2019-11-26 21:05:19.907 - Info	Processing Component: Templates
2019-11-26 21:05:19.909 - Info	Processing Component: EntityMaps
2019-11-26 21:05:19.909 - Info	Processing Component: EntityRelationships
2019-11-26 21:05:19.921 - Info	Processing Component: OrganizationSettings
2019-11-26 21:05:19.922 - Info	Processing Component: optionsets
2019-11-26 21:05:19.923 - Info	Processing Component: CustomControls
2019-11-26 21:05:19.938 - Info	 - DKControls.Tags
2019-11-26 21:05:19.948 - Info	Processing Component: SolutionPluginAssemblies
2019-11-26 21:05:19.950 - Info	Processing Component: EntityDataProviders
2019-11-26 21:05:19.981 - Info	
Unmanaged Pack complete.

2019-11-27 15:04:10.228 - Info	
Packing C:\Durgaprasad\Projects\PowerAppCustomControl\Tags\deployment\obj\Debug\ to bin\Debug\deployment.zip and bin\Debug\deployment_managed.zip

2019-11-27 15:04:10.240 - Info	Processing Component: Entities
2019-11-27 15:04:10.244 - Info	Processing Component: Roles
2019-11-27 15:04:10.247 - Info	Processing Component: Workflows
2019-11-27 15:04:10.247 - Info	Processing Component: FieldSecurityProfiles
2019-11-27 15:04:10.248 - Info	Processing Component: Templates
2019-11-27 15:04:10.249 - Info	Processing Component: EntityMaps
2019-11-27 15:04:10.250 - Info	Processing Component: EntityRelationships
2019-11-27 15:04:10.255 - Info	Processing Component: OrganizationSettings
2019-11-27 15:04:10.256 - Info	Processing Component: optionsets
2019-11-27 15:04:10.256 - Info	Processing Component: CustomControls
2019-11-27 15:04:10.267 - Info	 - DKControls.Tags
2019-11-27 15:04:10.273 - Info	Processing Component: SolutionPluginAssemblies
2019-11-27 15:04:10.276 - Info	Processing Component: EntityDataProviders
2019-11-27 15:04:10.301 - Info	
Unmanaged Pack complete.

2019-11-27 15:04:10.304 - Info	Processing Component: Entities
2019-11-27 15:04:10.304 - Info	Processing Component: Roles
2019-11-27 15:04:10.304 - Info	Processing Component: Workflows
2019-11-27 15:04:10.305 - Info	Processing Component: FieldSecurityProfiles
2019-11-27 15:04:10.305 - Info	Processing Component: Templates
2019-11-27 15:04:10.305 - Info	Processing Component: EntityMaps
2019-11-27 15:04:10.306 - Info	Processing Component: EntityRelationships
2019-11-27 15:04:10.307 - Info	Processing Component: OrganizationSettings
2019-11-27 15:04:10.307 - Info	Processing Component: optionsets
2019-11-27 15:04:10.307 - Info	Processing Component: CustomControls
2019-11-27 15:04:10.313 - Info	 - DKControls.Tags
2019-11-27 15:04:10.318 - Info	Processing Component: SolutionPluginAssemblies
2019-11-27 15:04:10.319 - Info	Processing Component: EntityDataProviders
2019-11-27 15:04:10.331 - Info	
Managed Pack complete.

